<?xml version="1.0" encoding="UTF-8"?>
<testng-results ignored="0" total="1" passed="1" failed="0" skipped="0">
  <reporter-output>
  </reporter-output>
  <suite started-at="2025-02-11T11:09:49 IST" name="Default suite" finished-at="2025-02-11T11:10:14 IST" duration-ms="25385">
    <groups>
    </groups>
    <test started-at="2025-02-11T11:09:49 IST" name="Default test" finished-at="2025-02-11T11:10:14 IST" duration-ms="25385">
      <class name="anil123.LongPress">
        <test-method is-config="true" signature="Configure()[pri:0, instance:anil123.LongPress@6150c3ec]" started-at="2025-02-11T11:09:49 IST" name="Configure" finished-at="2025-02-11T11:09:56 IST" duration-ms="7459" status="PASS">
          <reporter-output>
          </reporter-output>
        </test-method> <!-- Configure -->
        <test-method signature="LongPressing()[pri:0, instance:anil123.LongPress@6150c3ec]" started-at="2025-02-11T11:09:56 IST" name="LongPressing" finished-at="2025-02-11T11:10:14 IST" duration-ms="17623" status="PASS">
          <reporter-output>
          </reporter-output>
        </test-method> <!-- LongPressing -->
        <test-method is-config="true" signature="teardown()[pri:0, instance:anil123.LongPress@6150c3ec]" started-at="2025-02-11T11:10:14 IST" name="teardown" finished-at="2025-02-11T11:10:14 IST" duration-ms="286" status="PASS">
          <reporter-output>
          </reporter-output>
        </test-method> <!-- teardown -->
      </class> <!-- anil123.LongPress -->
    </test> <!-- Default test -->
  </suite> <!-- Default suite -->
</testng-results>
