<?xml version="1.0" encoding="UTF-8"?>
<testng-results ignored="0" total="1" passed="1" failed="0" skipped="0">
  <reporter-output>
  </reporter-output>
  <suite started-at="2025-02-11T12:02:40 IST" name="Default suite" finished-at="2025-02-11T12:03:06 IST" duration-ms="26145">
    <groups>
    </groups>
    <test started-at="2025-02-11T12:02:40 IST" name="Default test" finished-at="2025-02-11T12:03:06 IST" duration-ms="26145">
      <class name="anil123.LongPress">
        <test-method is-config="true" signature="Configure()[pri:0, instance:anil123.LongPress@4c12331b]" started-at="2025-02-11T12:02:40 IST" name="Configure" finished-at="2025-02-11T12:02:47 IST" duration-ms="7261" status="PASS">
          <reporter-output>
          </reporter-output>
        </test-method> <!-- Configure -->
        <test-method signature="LongPressing()[pri:0, instance:anil123.LongPress@4c12331b]" started-at="2025-02-11T12:02:47 IST" name="LongPressing" finished-at="2025-02-11T12:03:05 IST" duration-ms="18603" status="PASS">
          <reporter-output>
          </reporter-output>
        </test-method> <!-- LongPressing -->
        <test-method is-config="true" signature="teardown()[pri:0, instance:anil123.LongPress@4c12331b]" started-at="2025-02-11T12:03:05 IST" name="teardown" finished-at="2025-02-11T12:03:06 IST" duration-ms="263" status="PASS">
          <reporter-output>
          </reporter-output>
        </test-method> <!-- teardown -->
      </class> <!-- anil123.LongPress -->
    </test> <!-- Default test -->
  </suite> <!-- Default suite -->
</testng-results>
